TN:
SF:src\prisma.ts
FN:3,get
FNF:1
FNH:0
FNDA:0,get
DA:1,1
DA:2,1
DA:3,1
DA:4,1
DA:5,1
LF:5
LH:5
BRF:0
BRH:0
end_of_record
TN:
SF:src\controller\customer.controller.ts
FN:6,listCustomer
FN:25,selectCustomer
FN:48,createCustomer
FN:78,updateCustomer
FN:119,deleteCustomer
FNF:5
FNH:4
FNDA:0,listCustomer
FNDA:2,selectCustomer
FNDA:3,createCustomer
FNDA:5,updateCustomer
FNDA:4,deleteCustomer
DA:1,1
DA:2,1
DA:3,1
DA:4,1
DA:5,1
DA:6,1
DA:7,0
DA:8,0
DA:9,0
DA:10,0
DA:11,0
DA:12,0
DA:13,0
DA:14,0
DA:15,0
DA:16,0
DA:17,0
DA:18,0
DA:19,0
DA:20,0
DA:21,0
DA:22,0
DA:23,0
DA:24,1
DA:25,1
DA:26,2
DA:27,2
DA:28,2
DA:29,2
DA:30,2
DA:31,2
DA:32,0
DA:33,0
DA:34,0
DA:35,0
DA:36,0
DA:37,0
DA:38,0
DA:39,0
DA:40,0
DA:41,0
DA:42,0
DA:43,0
DA:44,0
DA:45,0
DA:46,2
DA:47,1
DA:48,1
DA:49,3
DA:50,3
DA:51,3
DA:52,3
DA:53,3
DA:54,3
DA:55,3
DA:56,0
DA:57,0
DA:58,0
DA:59,0
DA:60,0
DA:61,0
DA:62,0
DA:63,0
DA:64,0
DA:65,0
DA:66,0
DA:67,0
DA:68,0
DA:69,0
DA:70,0
DA:71,0
DA:72,0
DA:73,0
DA:74,0
DA:75,0
DA:76,3
DA:77,1
DA:78,1
DA:79,5
DA:80,5
DA:81,5
DA:82,5
DA:83,5
DA:84,0
DA:85,0
DA:86,0
DA:87,5
DA:88,5
DA:89,5
DA:90,5
DA:91,5
DA:92,0
DA:93,0
DA:94,0
DA:95,0
DA:96,0
DA:97,0
DA:98,0
DA:99,0
DA:100,0
DA:101,0
DA:102,0
DA:103,0
DA:104,0
DA:105,0
DA:106,0
DA:107,0
DA:108,0
DA:109,0
DA:110,0
DA:111,0
DA:112,0
DA:113,0
DA:114,0
DA:115,0
DA:116,0
DA:117,5
DA:118,1
DA:119,1
DA:120,4
DA:121,4
DA:122,4
DA:123,4
DA:124,0
DA:125,0
DA:126,0
DA:127,4
DA:128,4
DA:129,4
DA:130,4
DA:131,4
DA:132,0
DA:133,0
DA:134,0
DA:135,0
DA:136,0
DA:137,0
DA:138,0
DA:139,0
DA:140,0
DA:141,0
DA:142,0
DA:143,0
DA:144,0
DA:145,0
DA:146,0
DA:147,0
DA:148,0
DA:149,0
DA:150,0
DA:151,0
DA:152,4
LF:152
LH:50
BRDA:25,0,0,2
BRDA:32,1,0,0
BRDA:48,2,0,3
BRDA:49,3,0,1
BRDA:56,4,0,0
BRDA:78,5,0,5
BRDA:83,6,0,0
BRDA:92,7,0,0
BRDA:119,8,0,4
BRDA:123,9,0,0
BRDA:132,10,0,0
BRF:11
BRH:5
end_of_record
TN:
SF:src\controller\user.controller.ts
FN:5,listUser
FN:24,selectUser
FN:47,createUser
FN:66,updateUser
FN:96,deleteUser
FNF:5
FNH:4
FNDA:0,listUser
FNDA:2,selectUser
FNDA:1,createUser
FNDA:3,updateUser
FNDA:2,deleteUser
DA:1,1
DA:2,1
DA:3,1
DA:4,1
DA:5,1
DA:6,0
DA:7,0
DA:8,0
DA:9,0
DA:10,0
DA:11,0
DA:12,0
DA:13,0
DA:14,0
DA:15,0
DA:16,0
DA:17,0
DA:18,0
DA:19,0
DA:20,0
DA:21,0
DA:22,0
DA:23,1
DA:24,1
DA:25,2
DA:26,2
DA:27,2
DA:28,2
DA:29,2
DA:30,2
DA:31,0
DA:32,0
DA:33,0
DA:34,0
DA:35,0
DA:36,0
DA:37,0
DA:38,0
DA:39,0
DA:40,0
DA:41,0
DA:42,0
DA:43,0
DA:44,0
DA:45,2
DA:46,1
DA:47,1
DA:48,1
DA:49,1
DA:50,1
DA:51,1
DA:52,1
DA:53,1
DA:54,0
DA:55,0
DA:56,0
DA:57,0
DA:58,0
DA:59,0
DA:60,0
DA:61,0
DA:62,0
DA:63,0
DA:64,1
DA:65,1
DA:66,1
DA:67,3
DA:68,3
DA:69,3
DA:70,3
DA:71,0
DA:72,0
DA:73,0
DA:74,3
DA:75,3
DA:76,3
DA:77,3
DA:78,3
DA:79,0
DA:80,0
DA:81,0
DA:82,0
DA:83,0
DA:84,0
DA:85,0
DA:86,0
DA:87,0
DA:88,0
DA:89,0
DA:90,0
DA:91,0
DA:92,0
DA:93,0
DA:94,3
DA:95,1
DA:96,1
DA:97,2
DA:98,2
DA:99,2
DA:100,2
DA:101,2
DA:102,2
DA:103,0
DA:104,0
DA:105,0
DA:106,0
DA:107,0
DA:108,0
DA:109,0
DA:110,0
DA:111,0
DA:112,0
DA:113,0
DA:114,0
DA:115,0
DA:116,0
DA:117,0
DA:118,2
LF:118
LH:44
BRDA:24,0,0,2
BRDA:31,1,0,0
BRDA:47,2,0,1
BRDA:54,3,0,0
BRDA:66,4,0,3
BRDA:70,5,0,0
BRDA:79,6,0,0
BRDA:96,7,0,2
BRDA:103,8,0,0
BRF:9
BRH:4
end_of_record
TN:
SF:src\service\customer.service.ts
FN:3,listCustomerService
FN:13,selectCustomerService
FN:17,createCustomerService
FN:26,updateCustomerService
FN:39,deleteCustomerService
FNF:5
FNH:0
FNDA:0,listCustomerService
FNDA:0,selectCustomerService
FNDA:0,createCustomerService
FNDA:0,updateCustomerService
FNDA:0,deleteCustomerService
DA:1,1
DA:2,1
DA:3,1
DA:4,0
DA:5,0
DA:6,0
DA:7,0
DA:8,0
DA:9,0
DA:10,0
DA:11,0
DA:12,1
DA:13,1
DA:14,0
DA:15,0
DA:16,1
DA:17,1
DA:18,0
DA:19,0
DA:20,0
DA:21,0
DA:22,0
DA:23,0
DA:24,0
DA:25,1
DA:26,1
DA:27,0
DA:28,0
DA:29,0
DA:30,0
DA:31,0
DA:32,0
DA:33,0
DA:34,0
DA:35,0
DA:36,0
DA:37,0
DA:38,1
DA:39,1
DA:40,0
DA:41,0
DA:42,0
DA:43,0
DA:44,0
DA:45,0
DA:46,0
DA:47,0
DA:48,0
DA:49,0
LF:49
LH:11
BRF:0
BRH:0
end_of_record
TN:
SF:src\service\user.service.ts
FN:3,listUserService
FN:13,selectUserService
FN:17,createUserService
FN:25,updateUserService
FN:37,deleteUserService
FNF:5
FNH:0
FNDA:0,listUserService
FNDA:0,selectUserService
FNDA:0,createUserService
FNDA:0,updateUserService
FNDA:0,deleteUserService
DA:1,1
DA:2,1
DA:3,1
DA:4,0
DA:5,0
DA:6,0
DA:7,0
DA:8,0
DA:9,0
DA:10,0
DA:11,0
DA:12,1
DA:13,1
DA:14,0
DA:15,0
DA:16,1
DA:17,1
DA:18,0
DA:19,0
DA:20,0
DA:21,0
DA:22,0
DA:23,0
DA:24,1
DA:25,1
DA:26,0
DA:27,0
DA:28,0
DA:29,0
DA:30,0
DA:31,0
DA:32,0
DA:33,0
DA:34,0
DA:35,0
DA:36,1
DA:37,1
DA:38,0
DA:39,0
DA:40,0
DA:41,0
DA:42,0
DA:43,0
DA:44,0
DA:45,0
DA:46,0
LF:46
LH:11
BRF:0
BRH:0
end_of_record
TN:
SF:src\utils\logger.ts
FN:17,get
FN:14,timestamp
FNF:2
FNH:1
FNDA:0,get
FNDA:2,timestamp
DA:1,1
DA:2,1
DA:3,1
DA:4,1
DA:5,1
DA:6,1
DA:7,1
DA:8,1
DA:9,1
DA:10,1
DA:11,1
DA:12,1
DA:13,1
DA:14,1
DA:15,1
DA:16,1
DA:17,1
LF:17
LH:17
BRDA:14,0,0,2
BRF:1
BRH:1
end_of_record
