TN:
SF:dist\prisma.js
FNF:0
FNH:0
DA:1,1
DA:2,1
DA:3,1
DA:4,1
DA:5,1
DA:6,1
DA:7,1
LF:7
LH:7
BRF:0
BRH:0
end_of_record
TN:
SF:dist\controller\customer.controller.js
FN:2,Object.<anonymous>.__importDefault
FN:10,listCustomer
FN:25,selectCustomer
FN:43,createCustomer
FN:65,updateCustomer
FN:94,deleteCustomer
FNF:6
FNH:5
FNDA:1,Object.<anonymous>.__importDefault
FNDA:0,listCustomer
FNDA:2,selectCustomer
FNDA:3,createCustomer
FNDA:5,updateCustomer
FNDA:4,deleteCustomer
DA:1,1
DA:2,1
DA:3,1
DA:4,1
DA:5,1
DA:6,1
DA:7,1
DA:8,1
DA:9,1
DA:10,0
DA:11,0
DA:12,0
DA:13,0
DA:14,0
DA:15,0
DA:16,0
DA:17,0
DA:18,0
DA:19,0
DA:20,0
DA:21,0
DA:22,0
DA:23,0
DA:24,1
DA:25,2
DA:26,2
DA:27,2
DA:28,2
DA:29,2
DA:30,0
DA:31,0
DA:32,0
DA:33,0
DA:34,0
DA:35,0
DA:36,0
DA:37,0
DA:38,0
DA:39,0
DA:40,0
DA:41,2
DA:42,1
DA:43,3
DA:44,3
DA:45,3
DA:46,3
DA:47,3
DA:48,3
DA:49,0
DA:50,0
DA:51,0
DA:52,0
DA:53,0
DA:54,0
DA:55,0
DA:56,0
DA:57,0
DA:58,0
DA:59,0
DA:60,0
DA:61,0
DA:62,0
DA:63,3
DA:64,1
DA:65,5
DA:66,5
DA:67,5
DA:68,5
DA:69,5
DA:70,0
DA:71,0
DA:72,5
DA:73,5
DA:74,5
DA:75,0
DA:76,0
DA:77,0
DA:78,0
DA:79,0
DA:80,0
DA:81,0
DA:82,0
DA:83,0
DA:84,0
DA:85,0
DA:86,0
DA:87,0
DA:88,0
DA:89,0
DA:90,0
DA:91,0
DA:92,5
DA:93,1
DA:94,4
DA:95,4
DA:96,4
DA:97,4
DA:98,0
DA:99,0
DA:100,4
DA:101,4
DA:102,4
DA:103,0
DA:104,0
DA:105,0
DA:106,0
DA:107,0
DA:108,0
DA:109,0
DA:110,0
DA:111,0
DA:112,0
DA:113,0
DA:114,0
DA:115,0
DA:116,0
DA:117,4
DA:118,1
LF:118
LH:44
BRDA:2,0,0,0
BRDA:2,1,0,1
BRDA:3,2,0,0
BRDA:25,3,0,2
BRDA:30,4,0,0
BRDA:43,5,0,3
BRDA:44,6,0,1
BRDA:49,7,0,0
BRDA:65,8,0,5
BRDA:69,9,0,0
BRDA:75,10,0,0
BRDA:94,11,0,4
BRDA:97,12,0,0
BRDA:103,13,0,0
BRF:14
BRH:6
end_of_record
TN:
SF:dist\controller\user.controller.js
FN:2,Object.<anonymous>.__importDefault
FN:9,listUser
FN:24,selectUser
FN:42,createUser
FN:57,updateUser
FN:79,deleteUser
FNF:6
FNH:5
FNDA:1,Object.<anonymous>.__importDefault
FNDA:0,listUser
FNDA:2,selectUser
FNDA:1,createUser
FNDA:3,updateUser
FNDA:2,deleteUser
DA:1,1
DA:2,1
DA:3,1
DA:4,1
DA:5,1
DA:6,1
DA:7,1
DA:8,1
DA:9,0
DA:10,0
DA:11,0
DA:12,0
DA:13,0
DA:14,0
DA:15,0
DA:16,0
DA:17,0
DA:18,0
DA:19,0
DA:20,0
DA:21,0
DA:22,0
DA:23,1
DA:24,2
DA:25,2
DA:26,2
DA:27,2
DA:28,2
DA:29,0
DA:30,0
DA:31,0
DA:32,0
DA:33,0
DA:34,0
DA:35,0
DA:36,0
DA:37,0
DA:38,0
DA:39,0
DA:40,2
DA:41,1
DA:42,1
DA:43,1
DA:44,1
DA:45,1
DA:46,1
DA:47,0
DA:48,0
DA:49,0
DA:50,0
DA:51,0
DA:52,0
DA:53,0
DA:54,0
DA:55,1
DA:56,1
DA:57,3
DA:58,3
DA:59,3
DA:60,3
DA:61,0
DA:62,0
DA:63,3
DA:64,3
DA:65,3
DA:66,0
DA:67,0
DA:68,0
DA:69,0
DA:70,0
DA:71,0
DA:72,0
DA:73,0
DA:74,0
DA:75,0
DA:76,0
DA:77,3
DA:78,1
DA:79,2
DA:80,2
DA:81,2
DA:82,2
DA:83,2
DA:84,0
DA:85,0
DA:86,0
DA:87,0
DA:88,0
DA:89,0
DA:90,0
DA:91,0
DA:92,0
DA:93,0
DA:94,0
DA:95,2
DA:96,1
LF:96
LH:39
BRDA:2,0,0,0
BRDA:2,1,0,1
BRDA:3,2,0,0
BRDA:24,3,0,2
BRDA:29,4,0,0
BRDA:42,5,0,1
BRDA:47,6,0,0
BRDA:57,7,0,3
BRDA:60,8,0,0
BRDA:66,9,0,0
BRDA:79,10,0,2
BRDA:84,11,0,0
BRF:12
BRH:5
end_of_record
TN:
SF:dist\service\customer.service.js
FN:5,listCustomerService
FN:15,selectCustomerService
FN:19,createCustomerService
FN:28,updateCustomerService
FN:41,deleteCustomerService
FNF:5
FNH:0
FNDA:0,listCustomerService
FNDA:0,selectCustomerService
FNDA:0,createCustomerService
FNDA:0,updateCustomerService
FNDA:0,deleteCustomerService
DA:1,1
DA:2,1
DA:3,1
DA:4,1
DA:5,0
DA:6,0
DA:7,0
DA:8,0
DA:9,0
DA:10,0
DA:11,0
DA:12,0
DA:13,0
DA:14,1
DA:15,0
DA:16,0
DA:17,0
DA:18,1
DA:19,0
DA:20,0
DA:21,0
DA:22,0
DA:23,0
DA:24,0
DA:25,0
DA:26,0
DA:27,1
DA:28,0
DA:29,0
DA:30,0
DA:31,0
DA:32,0
DA:33,0
DA:34,0
DA:35,0
DA:36,0
DA:37,0
DA:38,0
DA:39,0
DA:40,1
DA:41,0
DA:42,0
DA:43,0
DA:44,0
DA:45,0
DA:46,0
DA:47,0
DA:48,0
DA:49,0
DA:50,0
DA:51,0
DA:52,1
LF:52
LH:9
BRF:0
BRH:0
end_of_record
TN:
SF:dist\service\user.service.js
FN:5,listUserService
FN:15,selectUserService
FN:19,createUserService
FN:27,updateUserService
FN:39,deleteUserService
FNF:5
FNH:0
FNDA:0,listUserService
FNDA:0,selectUserService
FNDA:0,createUserService
FNDA:0,updateUserService
FNDA:0,deleteUserService
DA:1,1
DA:2,1
DA:3,1
DA:4,1
DA:5,0
DA:6,0
DA:7,0
DA:8,0
DA:9,0
DA:10,0
DA:11,0
DA:12,0
DA:13,0
DA:14,1
DA:15,0
DA:16,0
DA:17,0
DA:18,1
DA:19,0
DA:20,0
DA:21,0
DA:22,0
DA:23,0
DA:24,0
DA:25,0
DA:26,1
DA:27,0
DA:28,0
DA:29,0
DA:30,0
DA:31,0
DA:32,0
DA:33,0
DA:34,0
DA:35,0
DA:36,0
DA:37,0
DA:38,1
DA:39,0
DA:40,0
DA:41,0
DA:42,0
DA:43,0
DA:44,0
DA:45,0
DA:46,0
DA:47,0
DA:48,0
DA:49,1
LF:49
LH:9
BRF:0
BRH:0
end_of_record
TN:
SF:dist\src\prisma.js
FNF:0
FNH:0
DA:1,1
DA:2,1
DA:3,1
DA:4,1
DA:5,1
DA:6,1
DA:7,1
LF:7
LH:7
BRF:0
BRH:0
end_of_record
TN:
SF:dist\src\controller\customer.controller.js
FN:2,Object.<anonymous>.__awaiter
FN:3,adopt
FN:5,fulfilled
FN:6,rejected
FN:7,step
FN:11,Object.<anonymous>.__importDefault
FN:19,listCustomer
FN:37,selectCustomer
FN:57,createCustomer
FN:82,updateCustomer
FN:114,deleteCustomer
FNF:11
FNH:7
FNDA:14,Object.<anonymous>.__awaiter
FNDA:0,adopt
FNDA:0,fulfilled
FNDA:0,rejected
FNDA:14,step
FNDA:1,Object.<anonymous>.__importDefault
FNDA:0,listCustomer
FNDA:2,selectCustomer
FNDA:3,createCustomer
FNDA:5,updateCustomer
FNDA:4,deleteCustomer
DA:1,1
DA:2,1
DA:3,14
DA:4,14
DA:5,14
DA:6,14
DA:7,14
DA:8,14
DA:9,14
DA:10,14
DA:11,1
DA:12,1
DA:13,1
DA:14,1
DA:15,1
DA:16,1
DA:17,1
DA:18,1
DA:19,0
DA:20,0
DA:21,0
DA:22,0
DA:23,0
DA:24,0
DA:25,0
DA:26,0
DA:27,0
DA:28,0
DA:29,0
DA:30,0
DA:31,0
DA:32,0
DA:33,0
DA:34,0
DA:35,0
DA:36,1
DA:37,2
DA:38,2
DA:39,2
DA:40,2
DA:41,2
DA:42,2
DA:43,0
DA:44,0
DA:45,0
DA:46,0
DA:47,0
DA:48,0
DA:49,0
DA:50,0
DA:51,0
DA:52,0
DA:53,0
DA:54,2
DA:55,2
DA:56,1
DA:57,3
DA:58,3
DA:59,3
DA:60,3
DA:61,3
DA:62,3
DA:63,3
DA:64,3
DA:65,0
DA:66,0
DA:67,0
DA:68,0
DA:69,0
DA:70,0
DA:71,0
DA:72,0
DA:73,0
DA:74,0
DA:75,0
DA:76,0
DA:77,0
DA:78,0
DA:79,3
DA:80,3
DA:81,1
DA:82,5
DA:83,5
DA:84,5
DA:85,5
DA:86,5
DA:87,5
DA:88,5
DA:89,0
DA:90,0
DA:91,5
DA:92,5
DA:93,5
DA:94,0
DA:95,0
DA:96,0
DA:97,0
DA:98,0
DA:99,0
DA:100,0
DA:101,0
DA:102,0
DA:103,0
DA:104,0
DA:105,0
DA:106,0
DA:107,0
DA:108,0
DA:109,0
DA:110,0
DA:111,5
DA:112,5
DA:113,1
DA:114,4
DA:115,4
DA:116,4
DA:117,4
DA:118,4
DA:119,0
DA:120,0
DA:121,4
DA:122,4
DA:123,4
DA:124,0
DA:125,0
DA:126,0
DA:127,0
DA:128,0
DA:129,0
DA:130,0
DA:131,0
DA:132,0
DA:133,0
DA:134,0
DA:135,0
DA:136,0
DA:137,0
DA:138,4
DA:139,4
DA:140,1
LF:140
LH:63
BRDA:2,0,0,0
BRDA:11,1,0,0
BRDA:2,2,0,14
BRDA:4,3,0,14
BRDA:7,4,0,14
BRDA:7,5,0,0
BRDA:11,6,0,1
BRDA:12,7,0,0
BRDA:37,8,0,2
BRDA:38,9,0,2
BRDA:43,10,0,0
BRDA:57,11,0,3
BRDA:59,12,0,3
BRDA:60,13,0,2
BRDA:60,14,0,1
BRDA:65,15,0,0
BRDA:82,16,0,5
BRDA:84,17,0,5
BRDA:87,18,0,0
BRDA:88,19,0,0
BRDA:94,20,0,0
BRDA:114,21,0,4
BRDA:115,22,0,4
BRDA:118,23,0,0
BRDA:124,24,0,0
BRF:25
BRH:14
end_of_record
TN:
SF:dist\src\controller\user.controller.js
FN:2,Object.<anonymous>.__awaiter
FN:3,adopt
FN:5,fulfilled
FN:6,rejected
FN:7,step
FN:11,Object.<anonymous>.__importDefault
FN:18,listUser
FN:36,selectUser
FN:56,createUser
FN:74,updateUser
FN:99,deleteUser
FNF:11
FNH:7
FNDA:8,Object.<anonymous>.__awaiter
FNDA:0,adopt
FNDA:0,fulfilled
FNDA:0,rejected
FNDA:8,step
FNDA:1,Object.<anonymous>.__importDefault
FNDA:0,listUser
FNDA:2,selectUser
FNDA:1,createUser
FNDA:3,updateUser
FNDA:2,deleteUser
DA:1,1
DA:2,1
DA:3,8
DA:4,8
DA:5,8
DA:6,8
DA:7,8
DA:8,8
DA:9,8
DA:10,8
DA:11,1
DA:12,1
DA:13,1
DA:14,1
DA:15,1
DA:16,1
DA:17,1
DA:18,0
DA:19,0
DA:20,0
DA:21,0
DA:22,0
DA:23,0
DA:24,0
DA:25,0
DA:26,0
DA:27,0
DA:28,0
DA:29,0
DA:30,0
DA:31,0
DA:32,0
DA:33,0
DA:34,0
DA:35,1
DA:36,2
DA:37,2
DA:38,2
DA:39,2
DA:40,2
DA:41,2
DA:42,0
DA:43,0
DA:44,0
DA:45,0
DA:46,0
DA:47,0
DA:48,0
DA:49,0
DA:50,0
DA:51,0
DA:52,0
DA:53,2
DA:54,2
DA:55,1
DA:56,1
DA:57,1
DA:58,1
DA:59,1
DA:60,1
DA:61,1
DA:62,1
DA:63,0
DA:64,0
DA:65,0
DA:66,0
DA:67,0
DA:68,0
DA:69,0
DA:70,0
DA:71,1
DA:72,1
DA:73,1
DA:74,3
DA:75,3
DA:76,3
DA:77,3
DA:78,3
DA:79,3
DA:80,0
DA:81,0
DA:82,3
DA:83,3
DA:84,3
DA:85,0
DA:86,0
DA:87,0
DA:88,0
DA:89,0
DA:90,0
DA:91,0
DA:92,0
DA:93,0
DA:94,0
DA:95,0
DA:96,3
DA:97,3
DA:98,1
DA:99,2
DA:100,2
DA:101,2
DA:102,2
DA:103,2
DA:104,2
DA:105,0
DA:106,0
DA:107,0
DA:108,0
DA:109,0
DA:110,0
DA:111,0
DA:112,0
DA:113,0
DA:114,0
DA:115,0
DA:116,2
DA:117,2
DA:118,1
LF:118
LH:58
BRDA:2,0,0,0
BRDA:11,1,0,0
BRDA:2,2,0,8
BRDA:4,3,0,8
BRDA:7,4,0,8
BRDA:7,5,0,0
BRDA:11,6,0,1
BRDA:12,7,0,0
BRDA:36,8,0,2
BRDA:37,9,0,2
BRDA:42,10,0,0
BRDA:56,11,0,1
BRDA:58,12,0,1
BRDA:59,13,0,0
BRDA:63,14,0,0
BRDA:74,15,0,3
BRDA:76,16,0,3
BRDA:78,17,0,0
BRDA:79,18,0,0
BRDA:85,19,0,0
BRDA:99,20,0,2
BRDA:100,21,0,2
BRDA:105,22,0,0
BRF:23
BRH:12
end_of_record
TN:
SF:dist\src\service\customer.service.js
FN:2,Object.<anonymous>.__awaiter
FN:14,listCustomerService
FN:26,selectCustomerService
FN:32,createCustomerService
FN:43,updateCustomerService
FN:58,deleteCustomerService
FNF:6
FNH:0
FNDA:0,Object.<anonymous>.__awaiter
FNDA:0,listCustomerService
FNDA:0,selectCustomerService
FNDA:0,createCustomerService
FNDA:0,updateCustomerService
FNDA:0,deleteCustomerService
DA:1,1
DA:2,1
DA:3,0
DA:4,0
DA:5,0
DA:6,0
DA:7,0
DA:8,0
DA:9,0
DA:10,0
DA:11,1
DA:12,1
DA:13,1
DA:14,0
DA:15,0
DA:16,0
DA:17,0
DA:18,0
DA:19,0
DA:20,0
DA:21,0
DA:22,0
DA:23,0
DA:24,0
DA:25,1
DA:26,0
DA:27,0
DA:28,0
DA:29,0
DA:30,0
DA:31,1
DA:32,0
DA:33,0
DA:34,0
DA:35,0
DA:36,0
DA:37,0
DA:38,0
DA:39,0
DA:40,0
DA:41,0
DA:42,1
DA:43,0
DA:44,0
DA:45,0
DA:46,0
DA:47,0
DA:48,0
DA:49,0
DA:50,0
DA:51,0
DA:52,0
DA:53,0
DA:54,0
DA:55,0
DA:56,0
DA:57,1
DA:58,0
DA:59,0
DA:60,0
DA:61,0
DA:62,0
DA:63,0
DA:64,0
DA:65,0
DA:66,0
DA:67,0
DA:68,0
DA:69,0
DA:70,0
DA:71,1
LF:71
LH:10
BRDA:2,0,0,0
BRF:1
BRH:0
end_of_record
TN:
SF:dist\src\service\user.service.js
FN:2,Object.<anonymous>.__awaiter
FN:14,listUserService
FN:26,selectUserService
FN:32,createUserService
FN:42,updateUserService
FN:56,deleteUserService
FNF:6
FNH:0
FNDA:0,Object.<anonymous>.__awaiter
FNDA:0,listUserService
FNDA:0,selectUserService
FNDA:0,createUserService
FNDA:0,updateUserService
FNDA:0,deleteUserService
DA:1,1
DA:2,1
DA:3,0
DA:4,0
DA:5,0
DA:6,0
DA:7,0
DA:8,0
DA:9,0
DA:10,0
DA:11,1
DA:12,1
DA:13,1
DA:14,0
DA:15,0
DA:16,0
DA:17,0
DA:18,0
DA:19,0
DA:20,0
DA:21,0
DA:22,0
DA:23,0
DA:24,0
DA:25,1
DA:26,0
DA:27,0
DA:28,0
DA:29,0
DA:30,0
DA:31,1
DA:32,0
DA:33,0
DA:34,0
DA:35,0
DA:36,0
DA:37,0
DA:38,0
DA:39,0
DA:40,0
DA:41,1
DA:42,0
DA:43,0
DA:44,0
DA:45,0
DA:46,0
DA:47,0
DA:48,0
DA:49,0
DA:50,0
DA:51,0
DA:52,0
DA:53,0
DA:54,0
DA:55,1
DA:56,0
DA:57,0
DA:58,0
DA:59,0
DA:60,0
DA:61,0
DA:62,0
DA:63,0
DA:64,0
DA:65,0
DA:66,0
DA:67,0
DA:68,1
LF:68
LH:10
BRDA:2,0,0,0
BRF:1
BRH:0
end_of_record
TN:
SF:dist\src\utils\logger.js
FN:2,Object.<anonymous>.__importDefault
FN:18,timestamp
FNF:2
FNH:2
FNDA:4,Object.<anonymous>.__importDefault
FNDA:2,timestamp
DA:1,1
DA:2,1
DA:3,4
DA:4,4
DA:5,1
DA:6,1
DA:7,1
DA:8,1
DA:9,1
DA:10,1
DA:11,1
DA:12,1
DA:13,1
DA:14,1
DA:15,1
DA:16,1
DA:17,1
DA:18,1
DA:19,1
DA:20,1
LF:20
LH:20
BRDA:2,0,0,0
BRDA:2,1,0,4
BRDA:3,2,0,0
BRDA:18,3,0,2
BRF:4
BRH:2
end_of_record
TN:
SF:dist\utils\logger.js
FN:2,Object.<anonymous>.__importDefault
FN:18,timestamp
FNF:2
FNH:2
FNDA:4,Object.<anonymous>.__importDefault
FNDA:2,timestamp
DA:1,1
DA:2,1
DA:3,4
DA:4,4
DA:5,1
DA:6,1
DA:7,1
DA:8,1
DA:9,1
DA:10,1
DA:11,1
DA:12,1
DA:13,1
DA:14,1
DA:15,1
DA:16,1
DA:17,1
DA:18,1
DA:19,1
DA:20,1
LF:20
LH:20
BRDA:2,0,0,0
BRDA:2,1,0,4
BRDA:3,2,0,0
BRDA:18,3,0,2
BRF:4
BRH:2
end_of_record
TN:
SF:src\prisma.ts
FN:3,get
FNF:1
FNH:1
FNDA:9,get
DA:1,1
DA:2,1
DA:3,1
DA:4,1
DA:5,1
LF:5
LH:5
BRDA:3,0,0,9
BRF:1
BRH:1
end_of_record
TN:
SF:src\controller\customer.controller.ts
FN:6,get
FN:6,customerController
FN:10,list
FN:29,select
FN:52,create
FN:81,update
FN:121,remove
FNF:7
FNH:6
FNDA:1,get
FNDA:1,customerController
FNDA:0,list
FNDA:2,select
FNDA:2,create
FNDA:4,update
FNDA:2,remove
DA:1,1
DA:2,1
DA:3,1
DA:4,1
DA:5,1
DA:6,1
DA:7,1
DA:8,1
DA:9,1
DA:10,1
DA:11,0
DA:12,0
DA:13,0
DA:14,0
DA:15,0
DA:16,0
DA:17,0
DA:18,0
DA:19,0
DA:20,0
DA:21,0
DA:22,0
DA:23,0
DA:24,0
DA:25,0
DA:26,0
DA:27,0
DA:28,1
DA:29,1
DA:30,2
DA:31,2
DA:32,2
DA:33,2
DA:34,2
DA:35,2
DA:36,0
DA:37,0
DA:38,0
DA:39,0
DA:40,0
DA:41,0
DA:42,0
DA:43,0
DA:44,0
DA:45,0
DA:46,0
DA:47,0
DA:48,0
DA:49,0
DA:50,2
DA:51,1
DA:52,1
DA:53,2
DA:54,2
DA:55,2
DA:56,1
DA:57,1
DA:58,1
DA:59,1
DA:60,2
DA:61,1
DA:62,1
DA:63,1
DA:64,0
DA:65,0
DA:66,0
DA:67,0
DA:68,0
DA:69,0
DA:70,0
DA:71,0
DA:72,0
DA:73,0
DA:74,0
DA:75,0
DA:76,0
DA:77,0
DA:78,0
DA:79,2
DA:80,1
DA:81,1
DA:82,4
DA:83,4
DA:84,4
DA:85,4
DA:86,2
DA:87,2
DA:88,2
DA:89,2
DA:90,4
DA:91,0
DA:92,0
DA:93,0
DA:94,2
DA:95,2
DA:96,2
DA:97,2
DA:98,2
DA:99,0
DA:100,0
DA:101,0
DA:102,0
DA:103,0
DA:104,0
DA:105,0
DA:106,0
DA:107,0
DA:108,0
DA:109,0
DA:110,0
DA:111,0
DA:112,0
DA:113,0
DA:114,0
DA:115,0
DA:116,0
DA:117,0
DA:118,0
DA:119,4
DA:120,1
DA:121,1
DA:122,2
DA:123,2
DA:124,2
DA:125,2
DA:126,2
DA:127,2
DA:128,2
DA:129,0
DA:130,2
DA:131,0
DA:132,0
DA:133,0
DA:134,0
DA:135,0
DA:136,0
DA:137,0
DA:138,0
DA:139,0
DA:140,0
DA:141,0
DA:142,0
DA:143,0
DA:144,0
DA:145,0
DA:146,0
DA:147,0
DA:148,0
DA:149,0
DA:150,0
DA:151,0
DA:152,0
DA:153,0
DA:154,2
DA:155,1
DA:156,1
DA:157,1
LF:157
LH:64
BRDA:6,0,0,1
BRDA:6,1,0,1
BRDA:29,2,0,2
BRDA:32,3,0,1
BRDA:36,4,0,0
BRDA:52,5,0,2
BRDA:55,6,0,1
BRDA:60,7,0,1
BRDA:64,8,0,0
BRDA:81,9,0,4
BRDA:85,10,0,2
BRDA:85,11,0,2
BRDA:90,12,0,1
BRDA:90,13,0,0
BRDA:94,14,0,2
BRDA:99,15,0,0
BRDA:121,16,0,2
BRDA:125,17,0,0
BRDA:129,18,0,0
BRDA:130,19,0,0
BRF:20
BRH:13
end_of_record
TN:
SF:src\controller\product.controller.ts
FN:6,get
FN:6,productController
FN:10,list
FN:29,select
FN:52,create
FN:104,update
FN:167,remove
FNF:7
FNH:6
FNDA:1,get
FNDA:1,productController
FNDA:0,list
FNDA:2,select
FNDA:13,create
FNDA:15,update
FNDA:4,remove
DA:1,1
DA:2,1
DA:3,1
DA:4,1
DA:5,1
DA:6,1
DA:7,1
DA:8,1
DA:9,1
DA:10,1
DA:11,0
DA:12,0
DA:13,0
DA:14,0
DA:15,0
DA:16,0
DA:17,0
DA:18,0
DA:19,0
DA:20,0
DA:21,0
DA:22,0
DA:23,0
DA:24,0
DA:25,0
DA:26,0
DA:27,0
DA:28,1
DA:29,1
DA:30,2
DA:31,2
DA:32,2
DA:33,2
DA:34,2
DA:35,2
DA:36,0
DA:37,0
DA:38,0
DA:39,0
DA:40,0
DA:41,0
DA:42,0
DA:43,0
DA:44,0
DA:45,0
DA:46,0
DA:47,0
DA:48,0
DA:49,0
DA:50,2
DA:51,1
DA:52,1
DA:53,13
DA:54,13
DA:55,13
DA:56,13
DA:57,13
DA:58,13
DA:59,2
DA:60,2
DA:61,2
DA:62,11
DA:63,13
DA:64,2
DA:65,2
DA:66,2
DA:67,9
DA:68,13
DA:69,2
DA:70,2
DA:71,2
DA:72,7
DA:73,13
DA:74,3
DA:75,3
DA:76,3
DA:77,4
DA:78,13
DA:79,3
DA:80,3
DA:81,3
DA:82,1
DA:83,1
DA:84,1
DA:85,1
DA:86,1
DA:87,0
DA:88,0
DA:89,0
DA:90,0
DA:91,0
DA:92,0
DA:93,0
DA:94,0
DA:95,0
DA:96,0
DA:97,0
DA:98,0
DA:99,0
DA:100,0
DA:101,0
DA:102,13
DA:103,1
DA:104,1
DA:105,15
DA:106,15
DA:107,15
DA:108,15
DA:109,15
DA:110,15
DA:111,15
DA:112,2
DA:113,2
DA:114,2
DA:115,13
DA:116,15
DA:117,2
DA:118,2
DA:119,2
DA:120,11
DA:121,15
DA:122,2
DA:123,2
DA:124,2
DA:125,9
DA:126,15
DA:127,2
DA:128,2
DA:129,2
DA:130,7
DA:131,15
DA:132,3
DA:133,3
DA:134,3
DA:135,4
DA:136,15
DA:137,3
DA:138,3
DA:139,3
DA:140,1
DA:141,1
DA:142,1
DA:143,1
DA:144,1
DA:145,0
DA:146,0
DA:147,0
DA:148,0
DA:149,0
DA:150,0
DA:151,0
DA:152,0
DA:153,0
DA:154,0
DA:155,0
DA:156,0
DA:157,0
DA:158,0
DA:159,0
DA:160,0
DA:161,0
DA:162,0
DA:163,0
DA:164,0
DA:165,15
DA:166,1
DA:167,1
DA:168,4
DA:169,4
DA:170,4
DA:171,4
DA:172,2
DA:173,2
DA:174,2
DA:175,2
DA:176,2
DA:177,2
DA:178,2
DA:179,2
DA:180,0
DA:181,0
DA:182,0
DA:183,0
DA:184,0
DA:185,0
DA:186,0
DA:187,0
DA:188,0
DA:189,0
DA:190,0
DA:191,0
DA:192,0
DA:193,0
DA:194,0
DA:195,0
DA:196,0
DA:197,0
DA:198,0
DA:199,0
DA:200,4
DA:201,1
DA:202,1
DA:203,1
LF:203
LH:117
BRDA:6,0,0,1
BRDA:6,1,0,1
BRDA:29,2,0,2
BRDA:32,3,0,1
BRDA:36,4,0,0
BRDA:52,5,0,13
BRDA:55,6,0,0
BRDA:56,7,0,0
BRDA:58,8,0,12
BRDA:58,9,0,2
BRDA:62,10,0,11
BRDA:63,11,0,10
BRDA:63,12,0,2
BRDA:67,13,0,9
BRDA:68,14,0,8
BRDA:68,15,0,2
BRDA:72,16,0,7
BRDA:73,17,0,5
BRDA:73,18,0,3
BRDA:77,19,0,4
BRDA:78,20,0,2
BRDA:78,21,0,3
BRDA:82,22,0,1
BRDA:87,23,0,0
BRDA:104,24,0,15
BRDA:108,25,0,0
BRDA:109,26,0,0
BRDA:111,27,0,2
BRDA:115,28,0,13
BRDA:116,29,0,2
BRDA:120,30,0,11
BRDA:121,31,0,10
BRDA:121,32,0,2
BRDA:125,33,0,9
BRDA:126,34,0,8
BRDA:126,35,0,2
BRDA:130,36,0,7
BRDA:131,37,0,5
BRDA:131,38,0,3
BRDA:135,39,0,4
BRDA:136,40,0,3
BRDA:136,41,0,3
BRDA:140,42,0,1
BRDA:145,43,0,0
BRDA:167,44,0,4
BRDA:171,45,0,2
BRDA:180,46,0,0
BRF:47
BRH:39
end_of_record
TN:
SF:src\controller\productsLog.controller.ts
FN:8,get
FN:8,transactionController
FN:14,create
FN:90,returning
FN:140,list
FNF:5
FNH:3
FNDA:1,get
FNDA:1,transactionController
FNDA:9,create
FNDA:0,returning
FNDA:0,list
DA:1,1
DA:2,1
DA:3,1
DA:4,1
DA:5,1
DA:6,1
DA:7,1
DA:8,1
DA:9,1
DA:10,1
DA:11,1
DA:12,1
DA:13,1
DA:14,1
DA:15,9
DA:16,9
DA:17,9
DA:18,9
DA:19,9
DA:20,9
DA:21,1
DA:22,1
DA:23,1
DA:24,8
DA:25,9
DA:26,3
DA:27,3
DA:28,3
DA:29,5
DA:30,9
DA:31,2
DA:32,2
DA:33,2
DA:34,3
DA:35,9
DA:36,1
DA:37,1
DA:38,1
DA:39,2
DA:40,9
DA:41,2
DA:42,2
DA:43,2
DA:44,0
DA:45,0
DA:46,0
DA:47,0
DA:48,0
DA:49,0
DA:50,0
DA:51,0
DA:52,9
DA:53,0
DA:54,0
DA:55,0
DA:56,0
DA:57,0
DA:58,0
DA:59,0
DA:60,0
DA:61,0
DA:62,9
DA:63,9
DA:64,0
DA:65,0
DA:66,0
DA:67,0
DA:68,9
DA:69,9
DA:70,0
DA:71,0
DA:72,0
DA:73,0
DA:74,9
DA:75,9
DA:76,9
DA:77,0
DA:78,0
DA:79,0
DA:80,0
DA:81,0
DA:82,0
DA:83,0
DA:84,0
DA:85,0
DA:86,0
DA:87,0
DA:88,9
DA:89,1
DA:90,1
DA:91,0
DA:92,0
DA:93,0
DA:94,0
DA:95,0
DA:96,0
DA:97,0
DA:98,0
DA:99,0
DA:100,0
DA:101,0
DA:102,0
DA:103,0
DA:104,0
DA:105,0
DA:106,0
DA:107,0
DA:108,0
DA:109,0
DA:110,0
DA:111,0
DA:112,0
DA:113,0
DA:114,0
DA:115,0
DA:116,0
DA:117,0
DA:118,0
DA:119,0
DA:120,0
DA:121,0
DA:122,0
DA:123,0
DA:124,0
DA:125,0
DA:126,0
DA:127,0
DA:128,0
DA:129,0
DA:130,0
DA:131,0
DA:132,0
DA:133,0
DA:134,0
DA:135,0
DA:136,0
DA:137,0
DA:138,0
DA:139,1
DA:140,1
DA:141,0
DA:142,0
DA:143,0
DA:144,0
DA:145,0
DA:146,0
DA:147,0
DA:148,0
DA:149,0
DA:150,0
DA:151,0
DA:152,0
DA:153,0
DA:154,0
DA:155,0
DA:156,0
DA:157,0
DA:158,0
DA:159,0
DA:160,0
DA:161,0
DA:162,0
DA:163,0
DA:164,0
DA:165,0
DA:166,0
DA:167,0
DA:168,0
DA:169,0
DA:170,0
DA:171,0
DA:172,0
DA:173,0
DA:174,0
DA:175,0
DA:176,0
DA:177,0
DA:178,0
DA:179,0
DA:180,0
DA:181,1
DA:182,1
DA:183,1
LF:183
LH:59
BRDA:8,0,0,1
BRDA:8,1,0,1
BRDA:14,2,0,9
BRDA:18,3,0,0
BRDA:20,4,0,1
BRDA:24,5,0,8
BRDA:25,6,0,6
BRDA:25,7,0,3
BRDA:29,8,0,5
BRDA:30,9,0,2
BRDA:34,10,0,3
BRDA:35,11,0,1
BRDA:39,12,0,2
BRDA:40,13,0,2
BRDA:44,14,0,0
BRDA:52,15,0,0
BRDA:63,16,0,0
BRDA:63,17,0,0
BRDA:69,18,0,0
BRDA:69,19,0,0
BRDA:74,20,0,0
BRDA:75,21,0,0
BRDA:75,22,0,0
BRDA:76,23,0,0
BRDA:76,24,0,0
BRDA:76,25,0,0
BRF:26
BRH:13
end_of_record
TN:
SF:src\controller\user.controller.ts
FN:5,get
FN:5,userController
FN:8,list
FN:27,select
FN:50,create
FN:69,update
FN:99,remove
FNF:7
FNH:6
FNDA:1,get
FNDA:1,userController
FNDA:0,list
FNDA:2,select
FNDA:1,create
FNDA:3,update
FNDA:2,remove
DA:1,1
DA:2,1
DA:3,1
DA:4,1
DA:5,1
DA:6,1
DA:7,1
DA:8,1
DA:9,0
DA:10,0
DA:11,0
DA:12,0
DA:13,0
DA:14,0
DA:15,0
DA:16,0
DA:17,0
DA:18,0
DA:19,0
DA:20,0
DA:21,0
DA:22,0
DA:23,0
DA:24,0
DA:25,0
DA:26,1
DA:27,1
DA:28,2
DA:29,2
DA:30,2
DA:31,2
DA:32,2
DA:33,2
DA:34,0
DA:35,0
DA:36,0
DA:37,0
DA:38,0
DA:39,0
DA:40,0
DA:41,0
DA:42,0
DA:43,0
DA:44,0
DA:45,0
DA:46,0
DA:47,0
DA:48,2
DA:49,1
DA:50,1
DA:51,1
DA:52,1
DA:53,1
DA:54,1
DA:55,1
DA:56,1
DA:57,0
DA:58,0
DA:59,0
DA:60,0
DA:61,0
DA:62,0
DA:63,0
DA:64,0
DA:65,0
DA:66,0
DA:67,1
DA:68,1
DA:69,1
DA:70,3
DA:71,3
DA:72,3
DA:73,3
DA:74,2
DA:75,2
DA:76,2
DA:77,1
DA:78,1
DA:79,1
DA:80,1
DA:81,1
DA:82,0
DA:83,0
DA:84,0
DA:85,0
DA:86,0
DA:87,0
DA:88,0
DA:89,0
DA:90,0
DA:91,0
DA:92,0
DA:93,0
DA:94,0
DA:95,0
DA:96,0
DA:97,3
DA:98,1
DA:99,1
DA:100,2
DA:101,2
DA:102,2
DA:103,2
DA:104,2
DA:105,2
DA:106,0
DA:107,0
DA:108,0
DA:109,0
DA:110,0
DA:111,0
DA:112,0
DA:113,0
DA:114,0
DA:115,0
DA:116,0
DA:117,0
DA:118,0
DA:119,0
DA:120,0
DA:121,2
DA:122,1
DA:123,1
DA:124,1
LF:124
LH:53
BRDA:5,0,0,1
BRDA:5,1,0,1
BRDA:27,2,0,2
BRDA:30,3,0,1
BRDA:34,4,0,0
BRDA:50,5,0,1
BRDA:57,6,0,0
BRDA:69,7,0,3
BRDA:73,8,0,1
BRDA:73,9,0,2
BRDA:77,10,0,1
BRDA:82,11,0,0
BRDA:99,12,0,2
BRDA:102,13,0,1
BRDA:106,14,0,0
BRF:15
BRH:11
end_of_record
TN:
SF:src\service\customer.service.ts
FN:4,get
FN:4,customer
FN:7,list
FN:17,select
FN:21,create
FN:27,update
FN:40,remove
FNF:7
FNH:2
FNDA:2,get
FNDA:2,customer
FNDA:0,list
FNDA:0,select
FNDA:0,create
FNDA:0,update
FNDA:0,remove
DA:1,1
DA:2,1
DA:3,1
DA:4,1
DA:5,2
DA:6,2
DA:7,2
DA:8,0
DA:9,0
DA:10,0
DA:11,0
DA:12,0
DA:13,0
DA:14,0
DA:15,0
DA:16,2
DA:17,2
DA:18,0
DA:19,0
DA:20,2
DA:21,2
DA:22,0
DA:23,0
DA:24,0
DA:25,0
DA:26,2
DA:27,2
DA:28,0
DA:29,0
DA:30,0
DA:31,0
DA:32,0
DA:33,0
DA:34,0
DA:35,0
DA:36,0
DA:37,0
DA:38,0
DA:39,2
DA:40,2
DA:41,0
DA:42,0
DA:43,0
DA:44,0
DA:45,0
DA:46,0
DA:47,0
DA:48,0
DA:49,0
DA:50,0
DA:51,2
DA:52,2
DA:53,2
LF:53
LH:18
BRDA:4,0,0,2
BRDA:4,1,0,2
BRF:2
BRH:2
end_of_record
TN:
SF:src\service\product.service.ts
FN:4,get
FN:4,product
FN:7,list
FN:23,select
FN:27,create
FN:33,update
FN:50,updateProductInventory
FN:63,remove
FNF:8
FNH:2
FNDA:2,get
FNDA:2,product
FNDA:0,list
FNDA:0,select
FNDA:0,create
FNDA:0,update
FNDA:0,updateProductInventory
FNDA:0,remove
DA:1,1
DA:2,1
DA:3,1
DA:4,1
DA:5,2
DA:6,2
DA:7,2
DA:8,0
DA:9,0
DA:10,0
DA:11,0
DA:12,0
DA:13,0
DA:14,0
DA:15,0
DA:16,0
DA:17,0
DA:18,0
DA:19,0
DA:20,0
DA:21,0
DA:22,2
DA:23,2
DA:24,0
DA:25,0
DA:26,2
DA:27,2
DA:28,0
DA:29,0
DA:30,0
DA:31,0
DA:32,2
DA:33,2
DA:34,0
DA:35,0
DA:36,0
DA:37,0
DA:38,0
DA:39,0
DA:40,0
DA:41,0
DA:42,0
DA:43,0
DA:44,0
DA:45,0
DA:46,0
DA:47,0
DA:48,0
DA:49,2
DA:50,2
DA:51,0
DA:52,0
DA:53,0
DA:54,0
DA:55,0
DA:56,0
DA:57,0
DA:58,0
DA:59,0
DA:60,0
DA:61,0
DA:62,2
DA:63,2
DA:64,0
DA:65,0
DA:66,0
DA:67,0
DA:68,0
DA:69,0
DA:70,0
DA:71,0
DA:72,0
DA:73,0
DA:74,2
DA:75,2
DA:76,2
LF:76
LH:20
BRDA:4,0,0,2
BRDA:4,1,0,2
BRF:2
BRH:2
end_of_record
TN:
SF:src\service\productsLog.service.ts
FN:4,get
FN:4,transaction
FN:7,create
FN:13,returning
FN:40,list
FNF:5
FNH:2
FNDA:1,get
FNDA:1,transaction
FNDA:0,create
FNDA:0,returning
FNDA:0,list
DA:1,1
DA:2,1
DA:3,1
DA:4,1
DA:5,1
DA:6,1
DA:7,1
DA:8,0
DA:9,0
DA:10,0
DA:11,0
DA:12,1
DA:13,1
DA:14,0
DA:15,0
DA:16,0
DA:17,0
DA:18,0
DA:19,0
DA:20,0
DA:21,0
DA:22,0
DA:23,0
DA:24,0
DA:25,0
DA:26,0
DA:27,0
DA:28,0
DA:29,0
DA:30,0
DA:31,0
DA:32,0
DA:33,0
DA:34,0
DA:35,0
DA:36,0
DA:37,0
DA:38,0
DA:39,1
DA:40,1
DA:41,0
DA:42,0
DA:43,0
DA:44,0
DA:45,0
DA:46,0
DA:47,0
DA:48,0
DA:49,0
DA:50,0
DA:51,0
DA:52,0
DA:53,0
DA:54,0
DA:55,0
DA:56,0
DA:57,0
DA:58,1
DA:59,1
DA:60,1
LF:60
LH:14
BRDA:4,0,0,1
BRDA:4,1,0,1
BRF:2
BRH:2
end_of_record
TN:
SF:src\service\user.service.ts
FN:4,get
FN:4,user
FN:7,list
FN:17,select
FN:21,create
FN:27,update
FN:39,remove
FNF:7
FNH:2
FNDA:4,get
FNDA:4,user
FNDA:0,list
FNDA:0,select
FNDA:0,create
FNDA:0,update
FNDA:0,remove
DA:1,1
DA:2,1
DA:3,1
DA:4,1
DA:5,4
DA:6,4
DA:7,4
DA:8,0
DA:9,0
DA:10,0
DA:11,0
DA:12,0
DA:13,0
DA:14,0
DA:15,0
DA:16,4
DA:17,4
DA:18,0
DA:19,0
DA:20,4
DA:21,4
DA:22,0
DA:23,0
DA:24,0
DA:25,0
DA:26,4
DA:27,4
DA:28,0
DA:29,0
DA:30,0
DA:31,0
DA:32,0
DA:33,0
DA:34,0
DA:35,0
DA:36,0
DA:37,0
DA:38,4
DA:39,4
DA:40,0
DA:41,0
DA:42,0
DA:43,0
DA:44,0
DA:45,0
DA:46,0
DA:47,0
DA:48,0
DA:49,4
DA:50,4
DA:51,4
LF:51
LH:18
BRDA:4,0,0,4
BRDA:4,1,0,4
BRF:2
BRH:2
end_of_record
TN:
SF:src\utils\logger.ts
FN:17,get
FN:14,timestamp
FNF:2
FNH:1
FNDA:0,get
FNDA:4,timestamp
DA:1,1
DA:2,1
DA:3,1
DA:4,1
DA:5,1
DA:6,1
DA:7,1
DA:8,1
DA:9,1
DA:10,1
DA:11,1
DA:12,1
DA:13,1
DA:14,1
DA:15,1
DA:16,1
DA:17,1
LF:17
LH:17
BRDA:14,0,0,4
BRF:1
BRH:1
end_of_record
